<?xml version="1.0" encoding="UTF-8"?>
<testsuite name="com.backbase.moviebox.ExampleUnitTest" tests="1" skipped="0" failures="0" errors="0" timestamp="2022-04-13T12:14:32" hostname="SL-CHettiarachchi.local" time="0.0">
  <properties/>
  <testcase name="addition_isCorrect" classname="com.backbase.moviebox.ExampleUnitTest" time="0.0"/>
  <system-out><![CDATA[]]></system-out>
  <system-err><![CDATA[]]></system-err>
</testsuite>
