<?xml version="1.0" encoding="UTF-8"?>
<testsuite name="com.backbase.moviebox.presentation.playing_now.PlayingNowViewModelTest" tests="3" skipped="0" failures="0" errors="0" timestamp="2022-04-13T12:14:32" hostname="SL-CHettiarachchi.local" time="0.003">
  <properties/>
  <testcase name="error on getNowPlayingMovies isTrue" classname="com.backbase.moviebox.presentation.playing_now.PlayingNowViewModelTest" time="0.002"/>
  <testcase name="success on getNowPlayingMovies and movie object two present isTrue" classname="com.backbase.moviebox.presentation.playing_now.PlayingNowViewModelTest" time="0.0"/>
  <testcase name="success on getNowPlayingMovies isTrue" classname="com.backbase.moviebox.presentation.playing_now.PlayingNowViewModelTest" time="0.001"/>
  <system-out><![CDATA[]]></system-out>
  <system-err><![CDATA[]]></system-err>
</testsuite>
