<?xml version="1.0" encoding="UTF-8"?>
<testsuite name="com.backbase.moviebox.data.remote.dto.MovieDtoKtTest" tests="4" skipped="0" failures="0" errors="0" timestamp="2022-04-13T12:14:32" hostname="SL-CHettiarachchi.local" time="0.004">
  <properties/>
  <testcase name="verify movieDto can convert to moviePage isTrue" classname="com.backbase.moviebox.data.remote.dto.MovieDtoKtTest" time="0.003"/>
  <testcase name="verify movieDto_toPage set correct data isTrue" classname="com.backbase.moviebox.data.remote.dto.MovieDtoKtTest" time="0.0"/>
  <testcase name="verify movieDto can convert to listOfMovies isTrue" classname="com.backbase.moviebox.data.remote.dto.MovieDtoKtTest" time="0.0"/>
  <testcase name="verify movieDto_toMovies set correct data isTrue" classname="com.backbase.moviebox.data.remote.dto.MovieDtoKtTest" time="0.0"/>
  <system-out><![CDATA[]]></system-out>
  <system-err><![CDATA[]]></system-err>
</testsuite>
