<?xml version="1.0" encoding="UTF-8"?>
<testsuite name="com.backbase.moviebox.data.remote.dto.GenreDtoKtTest" tests="2" skipped="0" failures="0" errors="0" timestamp="2022-04-13T12:14:32" hostname="SL-CHettiarachchi.local" time="0.002">
  <properties/>
  <testcase name="verify genreDto can generate genre list isTrue" classname="com.backbase.moviebox.data.remote.dto.GenreDtoKtTest" time="0.002"/>
  <testcase name="verify genreDto_genre_list contains correct values isTrue" classname="com.backbase.moviebox.data.remote.dto.GenreDtoKtTest" time="0.0"/>
  <system-out><![CDATA[]]></system-out>
  <system-err><![CDATA[]]></system-err>
</testsuite>
