<?xml version='1.0' encoding='UTF-8' ?>
<testsuite name="com.backbase.moviebox.ExampleInstrumentedTest" tests="3" failures="0" errors="0" skipped="0" time="3.793" timestamp="2022-04-13T12:14:10" hostname="localhost">
  <properties>
    <property name="device" value="Pixel_4_API_32(AVD) - 12" />
    <property name="flavor" value="" />
    <property name="project" value="app" />
  </properties>
  <testcase name="useAppContext" classname="com.backbase.moviebox.ExampleInstrumentedTest" time="0.052" />
  <testcase name="splash_image_appeared" classname="com.backbase.moviebox.presentation.AnimatedSplashScreenKtTest" time="0.976" />
  <testcase name="loading_animation_visibility" classname="com.backbase.moviebox.presentation.playing_now.PlayingNowScreenKtTest" time="0.752" />
</testsuite>